<?xml version="1.0" encoding="UTF-8"?>
<testng-results ignored="0" total="5" passed="5" failed="0" skipped="0">
  <reporter-output>
  </reporter-output>
  <suite started-at="2023-05-15T22:28:20 IST" name="Default suite" finished-at="2023-05-15T22:28:59 IST" duration-ms="38833">
    <groups>
    </groups>
    <test started-at="2023-05-15T22:28:20 IST" name="Default test" finished-at="2023-05-15T22:28:59 IST" duration-ms="38833">
      <class name="trelloTest.TrelloTest">
        <test-method is-config="true" signature="precondition()[pri:0, instance:trelloTest.TrelloTest@28dcca0c]" started-at="2023-05-15T22:28:21 IST" name="precondition" finished-at="2023-05-15T22:28:32 IST" duration-ms="11469" status="PASS">
          <reporter-output>
          </reporter-output>
        </test-method> <!-- precondition -->
        <test-method signature="login()[pri:1, instance:trelloTest.TrelloTest@28dcca0c]" started-at="2023-05-15T22:28:32 IST" name="login" finished-at="2023-05-15T22:28:48 IST" duration-ms="16372" status="PASS">
          <reporter-output>
          </reporter-output>
        </test-method> <!-- login -->
        <test-method signature="createBoard()[pri:2, instance:trelloTest.TrelloTest@28dcca0c]" started-at="2023-05-15T22:28:48 IST" name="createBoard" finished-at="2023-05-15T22:28:52 IST" duration-ms="3740" status="PASS">
          <reporter-output>
          </reporter-output>
        </test-method> <!-- createBoard -->
        <test-method signature="createList()[pri:3, instance:trelloTest.TrelloTest@28dcca0c]" started-at="2023-05-15T22:28:52 IST" name="createList" finished-at="2023-05-15T22:28:55 IST" duration-ms="2752" status="PASS">
          <reporter-output>
          </reporter-output>
        </test-method> <!-- createList -->
        <test-method signature="addCardInListAandDragAndDrpinListB()[pri:4, instance:trelloTest.TrelloTest@28dcca0c]" started-at="2023-05-15T22:28:55 IST" name="addCardInListAandDragAndDrpinListB" finished-at="2023-05-15T22:28:56 IST" duration-ms="1480" status="PASS">
          <reporter-output>
          </reporter-output>
        </test-method> <!-- addCardInListAandDragAndDrpinListB -->
        <test-method signature="logout()[pri:5, instance:trelloTest.TrelloTest@28dcca0c]" started-at="2023-05-15T22:28:56 IST" name="logout" finished-at="2023-05-15T22:28:58 IST" duration-ms="1600" status="PASS">
          <reporter-output>
          </reporter-output>
        </test-method> <!-- logout -->
        <test-method is-config="true" signature="postcondition()[pri:0, instance:trelloTest.TrelloTest@28dcca0c]" started-at="2023-05-15T22:28:58 IST" name="postcondition" finished-at="2023-05-15T22:28:59 IST" duration-ms="1355" status="PASS">
          <reporter-output>
          </reporter-output>
        </test-method> <!-- postcondition -->
      </class> <!-- trelloTest.TrelloTest -->
    </test> <!-- Default test -->
  </suite> <!-- Default suite -->
</testng-results>
