<?xml version="1.0" encoding="UTF-8"?>
<!-- Generated by org.testng.reporters.JUnitXMLReporter -->
<testsuite ignored="0" hostname="Vamshi" failures="0" tests="5" name="Default test" time="38.833" errors="0" timestamp="2023-05-15T22:28:59 IST">
  <testcase classname="trelloTest.TrelloTest" name="login" time="16.372"/>
  <testcase classname="trelloTest.TrelloTest" name="createBoard" time="3.74"/>
  <testcase classname="trelloTest.TrelloTest" name="createList" time="2.752"/>
  <testcase classname="trelloTest.TrelloTest" name="addCardInListAandDragAndDrpinListB" time="1.48"/>
  <testcase classname="trelloTest.TrelloTest" name="logout" time="1.6"/>
</testsuite> <!-- Default test -->
